LOG 2026/01/26
Save Path: C:\itaojingit\MyMediago\bin\Logs
Task Start: 2026/01/26 17:13:50
Task CommandLine: C:\itaojingit\MyMediago\bin\N_m3u8DL-RE.exe https://vip.ffzy-online3.com/20251106/39093_445fa040/index.m3u8 --save-dir C:\tmp\qoinaidex --save-name qoinaidex_第03集

17:13:50.620 INFO : N_m3u8DL-RE (Beta version) 20251029
17:13:50.621 EXTRA: ffmpeg => C:\itaojingit\MyMediago\bin\ffmpeg.exe
17:13:50.621 INFO : 加载URL: https://vip.ffzy-online3.com/20251106/39093_445fa040/index.m3u8
17:13:52.661 WARN : Response status code does not indicate success: 403 (Forbidden). (1/10)
17:13:54.170 INFO : 加载URL: https://vip.ffzy-online3.com/20251106/39093_445fa040/index.m3u8
17:13:56.088 WARN : Response status code does not indicate success: 403 (Forbidden). (2/10)
17:13:57.596 INFO : 加载URL: https://vip.ffzy-online3.com/20251106/39093_445fa040/index.m3u8
17:13:59.577 WARN : Response status code does not indicate success: 403 (Forbidden). (3/10)
17:14:01.090 INFO : 加载URL: https://vip.ffzy-online3.com/20251106/39093_445fa040/index.m3u8
17:14:06.385 WARN : Response status code does not indicate success: 403 (Forbidden). (4/10)
17:14:07.888 INFO : 加载URL: https://vip.ffzy-online3.com/20251106/39093_445fa040/index.m3u8
17:14:10.054 WARN : Response status code does not indicate success: 403 (Forbidden). (5/10)
17:14:11.566 INFO : 加载URL: https://vip.ffzy-online3.com/20251106/39093_445fa040/index.m3u8
17:14:13.492 WARN : Response status code does not indicate success: 403 (Forbidden). (6/10)
17:14:15.007 INFO : 加载URL: https://vip.ffzy-online3.com/20251106/39093_445fa040/index.m3u8
17:14:16.883 WARN : Response status code does not indicate success: 403 (Forbidden). (7/10)
17:14:18.398 INFO : 加载URL: https://vip.ffzy-online3.com/20251106/39093_445fa040/index.m3u8
17:14:20.335 WARN : Response status code does not indicate success: 403 (Forbidden). (8/10)
17:14:21.844 INFO : 加载URL: https://vip.ffzy-online3.com/20251106/39093_445fa040/index.m3u8
17:14:23.783 WARN : Response status code does not indicate success: 403 (Forbidden). (9/10)
17:14:25.295 INFO : 加载URL: https://vip.ffzy-online3.com/20251106/39093_445fa040/index.m3u8
17:14:27.309 WARN : Response status code does not indicate success: 403 (Forbidden). (10/10)
