LOG 2026/01/26
Save Path: C:\itaojingit\MyMediago\bin\Logs
Task Start: 2026/01/26 18:11:59
Task CommandLine: C:\itaojingit\MyMediago\bin\N_m3u8DL-RE.exe https://test-streams.mux.dev/x36xhzz/x36xhzz.m3u8 --save-dir C:\itaojingit\MyMediago\tmp\qoinaidex --save-name qoinaidex_第一集 --auto-select

18:11:59.073 INFO : N_m3u8DL-RE (Beta version) 20251029
18:11:59.074 EXTRA: ffmpeg => C:\itaojingit\MyMediago\bin\ffmpeg.exe
18:11:59.075 INFO : 加载URL: https://test-streams.mux.dev/x36xhzz/x36xhzz.m3u8
18:11:59.647 INFO : 内容匹配: HTTP Live Streaming
18:11:59.648 INFO : 正在解析媒体信息...
18:11:59.649 WARN : 检测到Master列表，开始解析全部流信息
18:11:59.653 WARN : 写出meta json
18:11:59.654 INFO : 已解析, 共计 5 条媒体流, 基本流 5 条, 可选音频流 0 条, 可选字幕流 0 条
18:11:59.655 INFO : Vid 1920x1080 | 6221 Kbps | mp4a.40.2,avc1.640028
18:11:59.656 INFO : Vid 1280x720 | 2149 Kbps | mp4a.40.2,avc1.64001f
18:11:59.658 INFO : Vid 848x480 | 836 Kbps | mp4a.40.2,avc1.64001f
18:11:59.659 INFO : Vid 512x288 | 460 Kbps | mp4a.40.5,avc1.420016
18:11:59.659 INFO : Vid 320x184 | 246 Kbps | mp4a.40.5,avc1.42000d
18:11:59.660 INFO : 正在解析媒体信息...
18:11:59.752 INFO : 已选择的流:
18:11:59.752 INFO : Vid 1920x1080 | 6221 Kbps | mp4a.40.2,avc1.640028 | 64 Segments | ~10m34s
18:11:59.753 WARN : 写出meta json
18:11:59.753 INFO : 保存文件名: qoinaidex_第一集
18:11:59.755 INFO : 开始下载...Vid 1920x1080 | 6221 Kbps | mp4a.40.2,avc1.640028
18:11:59.757 WARN : 读取媒体信息...
18:11:59.807 INFO : [0x101]: Audio, aac (LC) ([15][0][0][0]), 153 kb/s
18:11:59.807 INFO : [0x102]: Video, h264 (High) ([27][0][0][0]), 1920x1080, 60 fps
