LOG 2026/01/26
Save Path: C:\itaojingit\MyMediago\bin\Logs
Task Start: 2026/01/26 18:02:03
Task CommandLine: C:\itaojingit\MyMediago\bin\N_m3u8DL-RE.exe https://test-streams.mux.dev/x36xhzz/x36xhzz.m3u8 --save-dir C:\itaojingit\MyMediago\tmp\qoinaidex --save-name qoinaidex_第一集 --auto-select

18:02:03.758 INFO : N_m3u8DL-RE (Beta version) 20251029
18:02:03.759 EXTRA: ffmpeg => C:\itaojingit\MyMediago\bin\ffmpeg.exe
18:02:03.759 INFO : 加载URL: https://test-streams.mux.dev/x36xhzz/x36xhzz.m3u8
18:02:04.353 INFO : 内容匹配: HTTP Live Streaming
18:02:04.354 INFO : 正在解析媒体信息...
18:02:04.355 WARN : 检测到Master列表，开始解析全部流信息
18:02:04.359 WARN : 写出meta json
18:02:04.360 INFO : 已解析, 共计 5 条媒体流, 基本流 5 条, 可选音频流 0 条, 可选字幕流 0 条
18:02:04.361 INFO : Vid 1920x1080 | 6221 Kbps | mp4a.40.2,avc1.640028
18:02:04.362 INFO : Vid 1280x720 | 2149 Kbps | mp4a.40.2,avc1.64001f
18:02:04.363 INFO : Vid 848x480 | 836 Kbps | mp4a.40.2,avc1.64001f
18:02:04.363 INFO : Vid 512x288 | 460 Kbps | mp4a.40.5,avc1.420016
18:02:04.364 INFO : Vid 320x184 | 246 Kbps | mp4a.40.5,avc1.42000d
18:02:04.364 INFO : 正在解析媒体信息...
18:02:04.458 INFO : 已选择的流:
18:02:04.459 INFO : Vid 1920x1080 | 6221 Kbps | mp4a.40.2,avc1.640028 | 64 Segments | ~10m34s
18:02:04.459 WARN : 写出meta json
18:02:04.461 INFO : 保存文件名: qoinaidex_第一集
18:02:04.465 INFO : 开始下载...Vid 1920x1080 | 6221 Kbps | mp4a.40.2,avc1.640028
18:02:05.748 WARN : 读取媒体信息...
18:02:05.782 INFO : [0x101]: Audio, aac (LC) ([15][0][0][0]), 153 kb/s
18:02:05.783 INFO : [0x102]: Video, h264 (High) ([27][0][0][0]), 1920x1080, 60 fps
18:02:32.080 EXTRA: Ah oh!
RetryCount => 3
Exception  => Unable to read data from the transport connection: 远程主机强迫关闭了一个现有的连接。.
Url        => https://test-streams.mux.dev/x36xhzz/url_8/url_620/193039199_mp4_h264_aac_fhd_7.ts
18:02:32.081 EXTRA: Ah oh!
RetryCount => 3
Exception  => Unable to read data from the transport connection: 远程主机强迫关闭了一个现有的连接。.
Url        => https://test-streams.mux.dev/x36xhzz/url_8/url_618/193039199_mp4_h264_aac_fhd_7.ts
18:02:32.087 EXTRA: Ah oh!
RetryCount => 3
Exception  => Unable to read data from the transport connection: 远程主机强迫关闭了一个现有的连接。.
Url        => https://test-streams.mux.dev/x36xhzz/url_8/url_617/193039199_mp4_h264_aac_fhd_7.ts
18:02:32.088 EXTRA: Ah oh!
RetryCount => 3
Exception  => Unable to read data from the transport connection: 远程主机强迫关闭了一个现有的连接。.
Url        => https://test-streams.mux.dev/x36xhzz/url_8/url_611/193039199_mp4_h264_aac_fhd_7.ts
18:02:32.087 EXTRA: Ah oh!
RetryCount => 3
Exception  => Unable to read data from the transport connection: 远程主机强迫关闭了一个现有的连接。.
Url        => https://test-streams.mux.dev/x36xhzz/url_8/url_619/193039199_mp4_h264_aac_fhd_7.ts
18:02:32.089 EXTRA: Ah oh!
RetryCount => 3
Exception  => Unable to read data from the transport connection: 远程主机强迫关闭了一个现有的连接。.
Url        => https://test-streams.mux.dev/x36xhzz/url_8/url_608/193039199_mp4_h264_aac_fhd_7.ts
18:02:32.095 EXTRA: Ah oh!
RetryCount => 3
Exception  => Unable to read data from the transport connection: 远程主机强迫关闭了一个现有的连接。.
Url        => https://test-streams.mux.dev/x36xhzz/url_8/url_616/193039199_mp4_h264_aac_fhd_7.ts
18:02:32.092 EXTRA: Ah oh!
RetryCount => 3
Exception  => Unable to read data from the transport connection: 远程主机强迫关闭了一个现有的连接。.
Url        => https://test-streams.mux.dev/x36xhzz/url_8/url_614/193039199_mp4_h264_aac_fhd_7.ts
18:02:32.100 EXTRA: Ah oh!
RetryCount => 3
Exception  => Unable to read data from the transport connection: 远程主机强迫关闭了一个现有的连接。.
Url        => https://test-streams.mux.dev/x36xhzz/url_8/url_613/193039199_mp4_h264_aac_fhd_7.ts
18:02:32.088 EXTRA: Ah oh!
RetryCount => 3
Exception  => Unable to read data from the transport connection: 远程主机强迫关闭了一个现有的连接。.
Url        => https://test-streams.mux.dev/x36xhzz/url_8/url_609/193039199_mp4_h264_aac_fhd_7.ts
18:02:32.089 EXTRA: Ah oh!
RetryCount => 3
Exception  => Unable to read data from the transport connection: 远程主机强迫关闭了一个现有的连接。.
Url        => https://test-streams.mux.dev/x36xhzz/url_8/url_593/193039199_mp4_h264_aac_fhd_7.ts
18:02:32.121 EXTRA: Ah oh!
RetryCount => 3
Exception  => Unable to read data from the transport connection: 远程主机强迫关闭了一个现有的连接。.
Url        => https://test-streams.mux.dev/x36xhzz/url_8/url_615/193039199_mp4_h264_aac_fhd_7.ts
18:03:34.474 INFO : 调用ffmpeg合并中...
18:03:36.386 INFO : Done
