LOG 2026/01/26
Save Path: C:\itaojingit\MyMediago\bin\Logs
Task Start: 2026/01/26 17:16:24
Task CommandLine: C:\itaojingit\MyMediago\bin\N_m3u8DL-RE.exe https://vip.ffzy-online3.com/20251106/39092_49dda3f3/index.m3u8 --save-dir C:\tmp\qoinaidex --save-name qoinaidex_第02集

17:16:24.841 INFO : N_m3u8DL-RE (Beta version) 20251029
17:16:24.843 EXTRA: ffmpeg => C:\itaojingit\MyMediago\bin\ffmpeg.exe
17:16:24.843 INFO : 加载URL: https://vip.ffzy-online3.com/20251106/39092_49dda3f3/index.m3u8
17:16:26.906 WARN : Response status code does not indicate success: 403 (Forbidden). (1/10)
17:16:28.413 INFO : 加载URL: https://vip.ffzy-online3.com/20251106/39092_49dda3f3/index.m3u8
17:16:30.469 WARN : Response status code does not indicate success: 403 (Forbidden). (2/10)
17:16:31.973 INFO : 加载URL: https://vip.ffzy-online3.com/20251106/39092_49dda3f3/index.m3u8
17:16:33.993 WARN : Response status code does not indicate success: 403 (Forbidden). (3/10)
17:16:35.499 INFO : 加载URL: https://vip.ffzy-online3.com/20251106/39092_49dda3f3/index.m3u8
17:16:37.387 WARN : Response status code does not indicate success: 403 (Forbidden). (4/10)
17:16:38.901 INFO : 加载URL: https://vip.ffzy-online3.com/20251106/39092_49dda3f3/index.m3u8
17:16:40.795 WARN : Response status code does not indicate success: 403 (Forbidden). (5/10)
17:16:42.299 INFO : 加载URL: https://vip.ffzy-online3.com/20251106/39092_49dda3f3/index.m3u8
17:16:44.195 WARN : Response status code does not indicate success: 403 (Forbidden). (6/10)
17:16:45.705 INFO : 加载URL: https://vip.ffzy-online3.com/20251106/39092_49dda3f3/index.m3u8
17:16:47.961 WARN : Response status code does not indicate success: 403 (Forbidden). (7/10)
17:16:49.469 INFO : 加载URL: https://vip.ffzy-online3.com/20251106/39092_49dda3f3/index.m3u8
