LOG 2026/01/26
Save Path: C:\itaojingit\MyMediago\bin\Logs
Task Start: 2026/01/26 17:57:44
Task CommandLine: C:\itaojingit\MyMediago\bin\N_m3u8DL-RE.exe http://playertest.longtailvideo.com/adaptive/wowzaid3/playlist.m3u8 --save-dir C:\itaojingit\MyMediago\tmp\qoinaidex --save-name qoinaidex_第一集

17:57:44.976 INFO : N_m3u8DL-RE (Beta version) 20251029
17:57:44.978 EXTRA: ffmpeg => C:\itaojingit\MyMediago\bin\ffmpeg.exe
17:57:44.978 INFO : 加载URL: http://playertest.longtailvideo.com/adaptive/wowzaid3/playlist.m3u8
17:57:45.345 INFO : 内容匹配: HTTP Live Streaming
17:57:45.346 INFO : 正在解析媒体信息...
17:57:45.346 WARN : 检测到Master列表，开始解析全部流信息
17:57:45.351 WARN : 写出meta json
17:57:45.353 INFO : 已解析, 共计 1 条媒体流, 基本流 1 条, 可选音频流 0 条, 可选字幕流 0 条
17:57:45.354 INFO : Vid 426x240 | 538 Kbps | avc1.77.21,mp4a.40.2
17:57:45.354 INFO : 正在解析媒体信息...
17:57:45.730 WARN : 检测到直播流
17:57:45.731 INFO : 已选择的流:
17:57:45.731 INFO : Vid 426x240 | 538 Kbps | avc1.77.21,mp4a.40.2 | 3 Segments | ~00m30s
17:57:45.732 WARN : 写出meta json
17:57:45.733 INFO : 保存文件名: qoinaidex_第一集
17:57:45.734 WARN : set refresh interval to 13 seconds
17:57:46.797 WARN : 读取媒体信息...
17:57:46.830 INFO : [0x102]: Data, timed_id3 (ID3 )
17:57:46.831 INFO : [0x100]: Video, h264 (Main) ([27][0][0][0]), 426x240, 25 fps
17:57:46.832 INFO : [0x101]: Audio, aac (LC) ([15][0][0][0]), 97 kb/s
17:58:21.334 WARN : Force Exit...
