LOG 2026/01/26
Save Path: C:\itaojingit\MyMediago\bin\Logs
Task Start: 2026/01/26 18:07:43
Task CommandLine: C:\itaojingit\MyMediago\bin\N_m3u8DL-RE.exe https://test-streams.mux.dev/x36xhzz/x36xhzz.m3u8 --save-dir C:\itaojingit\MyMediago\tmp\qoinaidex --save-name qoinaidex_第一集 --auto-select

18:07:43.195 INFO : N_m3u8DL-RE (Beta version) 20251029
18:07:43.196 EXTRA: ffmpeg => C:\itaojingit\MyMediago\bin\ffmpeg.exe
18:07:43.197 INFO : 加载URL: https://test-streams.mux.dev/x36xhzz/x36xhzz.m3u8
18:07:43.989 INFO : 内容匹配: HTTP Live Streaming
18:07:43.990 INFO : 正在解析媒体信息...
18:07:43.992 WARN : 检测到Master列表，开始解析全部流信息
18:07:43.995 WARN : 写出meta json
18:07:43.996 INFO : 已解析, 共计 5 条媒体流, 基本流 5 条, 可选音频流 0 条, 可选字幕流 0 条
18:07:43.997 INFO : Vid 1920x1080 | 6221 Kbps | mp4a.40.2,avc1.640028
18:07:43.998 INFO : Vid 1280x720 | 2149 Kbps | mp4a.40.2,avc1.64001f
18:07:43.998 INFO : Vid 848x480 | 836 Kbps | mp4a.40.2,avc1.64001f
18:07:43.999 INFO : Vid 512x288 | 460 Kbps | mp4a.40.5,avc1.420016
18:07:44.000 INFO : Vid 320x184 | 246 Kbps | mp4a.40.5,avc1.42000d
18:07:44.000 INFO : 正在解析媒体信息...
18:07:44.097 INFO : 已选择的流:
18:07:44.098 INFO : Vid 1920x1080 | 6221 Kbps | mp4a.40.2,avc1.640028 | 64 Segments | ~10m34s
18:07:44.098 WARN : 写出meta json
18:07:44.099 INFO : 保存文件名: qoinaidex_第一集
18:07:44.100 INFO : 开始下载...Vid 1920x1080 | 6221 Kbps | mp4a.40.2,avc1.640028
18:07:44.102 WARN : 读取媒体信息...
18:07:44.142 INFO : [0x101]: Audio, aac (LC) ([15][0][0][0]), 153 kb/s
18:07:44.143 INFO : [0x102]: Video, h264 (High) ([27][0][0][0]), 1920x1080, 60 fps
