LOG 2026/01/26
Save Path: C:\itaojingit\MyMediago\bin\Logs
Task Start: 2026/01/26 18:12:03
Task CommandLine: C:\itaojingit\MyMediago\bin\N_m3u8DL-RE.exe https://test-streams.mux.dev/x36xhzz/x36xhzz.m3u8 --save-dir C:\itaojingit\MyMediago\tmp\qoinaidex --save-name qoinaidex_第一集 --auto-select

18:12:03.083 INFO : N_m3u8DL-RE (Beta version) 20251029
18:12:03.084 EXTRA: ffmpeg => C:\itaojingit\MyMediago\bin\ffmpeg.exe
18:12:03.084 INFO : 加载URL: https://test-streams.mux.dev/x36xhzz/x36xhzz.m3u8
18:12:03.655 INFO : 内容匹配: HTTP Live Streaming
18:12:03.657 INFO : 正在解析媒体信息...
18:12:03.659 WARN : 检测到Master列表，开始解析全部流信息
18:12:03.666 WARN : 写出meta json
18:12:03.668 INFO : 已解析, 共计 5 条媒体流, 基本流 5 条, 可选音频流 0 条, 可选字幕流 0 条
18:12:03.669 INFO : Vid 1920x1080 | 6221 Kbps | mp4a.40.2,avc1.640028
18:12:03.671 INFO : Vid 1280x720 | 2149 Kbps | mp4a.40.2,avc1.64001f
18:12:03.672 INFO : Vid 848x480 | 836 Kbps | mp4a.40.2,avc1.64001f
18:12:03.674 INFO : Vid 512x288 | 460 Kbps | mp4a.40.5,avc1.420016
18:12:03.675 INFO : Vid 320x184 | 246 Kbps | mp4a.40.5,avc1.42000d
18:12:03.677 INFO : 正在解析媒体信息...
18:12:03.769 INFO : 已选择的流:
18:12:03.771 INFO : Vid 1920x1080 | 6221 Kbps | mp4a.40.2,avc1.640028 | 64 Segments | ~10m34s
18:12:03.774 WARN : 写出meta json
18:12:03.776 INFO : 保存文件名: qoinaidex_第一集
18:12:03.779 INFO : 开始下载...Vid 1920x1080 | 6221 Kbps | mp4a.40.2,avc1.640028
18:12:03.781 WARN : 读取媒体信息...
18:12:03.827 INFO : [0x101]: Audio, aac (LC) ([15][0][0][0]), 153 kb/s
18:12:03.827 INFO : [0x102]: Video, h264 (High) ([27][0][0][0]), 1920x1080, 60 fps
